<?xml version="1.0" encoding="UTF-8"?>
<!-- Generated by org.testng.reporters.JUnitXMLReporter -->
<testsuite ignored="0" hostname="DESKTOP-7L4VJPC" failures="0" tests="2" name="Axiom Telecom Assignment TC" time="7.125" errors="0" timestamp="11 Mar 2022 04:29:12 GMT">
  <testcase classname="testcases.TC_Scenario1" name="testApiLinkFromConfigFile" time="3.774"/>
  <testcase classname="testcases.TC_Scenario2" name="testRequestDataFromExternalFile" time="1.083"/>
</testsuite> <!-- Axiom Telecom Assignment TC -->
