<?xml version="1.0" encoding="UTF-8"?>
<testng-results ignored="0" total="2" passed="2" failed="0" skipped="0">
  <reporter-output>
  </reporter-output>
  <suite started-at="2022-03-11T04:29:04Z" name="testcases" finished-at="2022-03-11T04:29:12Z" duration-ms="7125">
    <groups>
    </groups>
    <test started-at="2022-03-11T04:29:04Z" name="Axiom Telecom Assignment TC" finished-at="2022-03-11T04:29:12Z" duration-ms="7125">
      <class name="testcases.TC_Scenario1">
        <test-method is-config="true" signature="preRequisite()[pri:0, instance:testcases.TC_Scenario1@1a0dcaa]" started-at="2022-03-10T23:29:04Z" name="preRequisite" finished-at="2022-03-10T23:29:06Z" duration-ms="1264" status="PASS">
          <reporter-output>
          </reporter-output>
        </test-method> <!-- preRequisite -->
        <test-method is-config="true" signature="preRequisite()[pri:0, instance:testcases.TC_Scenario2@3bd40a57]" started-at="2022-03-10T23:29:06Z" name="preRequisite" finished-at="2022-03-10T23:29:07Z" duration-ms="973" status="PASS">
          <reporter-output>
          </reporter-output>
        </test-method> <!-- preRequisite -->
        <test-method signature="testApiLinkFromConfigFile()[pri:0, instance:testcases.TC_Scenario1@1a0dcaa]" started-at="2022-03-10T23:29:07Z" name="testApiLinkFromConfigFile" finished-at="2022-03-10T23:29:10Z" duration-ms="3774" status="PASS">
          <reporter-output>
          </reporter-output>
        </test-method> <!-- testApiLinkFromConfigFile -->
      </class> <!-- testcases.TC_Scenario1 -->
      <class name="testcases.TC_Scenario2">
        <test-method signature="testRequestDataFromExternalFile()[pri:0, instance:testcases.TC_Scenario2@3bd40a57]" started-at="2022-03-10T23:29:10Z" name="testRequestDataFromExternalFile" finished-at="2022-03-10T23:29:12Z" duration-ms="1083" status="PASS">
          <reporter-output>
          </reporter-output>
        </test-method> <!-- testRequestDataFromExternalFile -->
      </class> <!-- testcases.TC_Scenario2 -->
    </test> <!-- Axiom Telecom Assignment TC -->
  </suite> <!-- testcases -->
</testng-results>
